# JRE version: OpenJDK Runtime Environment (7.0_101) (build 1.7.0_101-b00)
# Java VM: OpenJDK 64-Bit Server VM (24.95-b01 mixed mode linux-amd64 compressed oops)
Heap
 PSYoungGen      total 67584K, used 49493K [0x00000000faa80000, 0x00000000ff280000, 0x0000000100000000)
  eden space 61440K, 73% used [0x00000000faa80000,0x00000000fd6a1630,0x00000000fe680000)
  from space 6144K, 70% used [0x00000000fec80000,0x00000000ff0b4020,0x00000000ff280000)
  to   space 6144K, 0% used [0x00000000fe680000,0x00000000fe680000,0x00000000fec80000)
 ParOldGen       total 40448K, used 6157K [0x00000000f0000000, 0x00000000f2780000, 0x00000000faa80000)
  object space 40448K, 15% used [0x00000000f0000000,0x00000000f0603688,0x00000000f2780000)
 PSPermGen       total 32256K, used 31756K [0x00000000e5a00000, 0x00000000e7980000, 0x00000000f0000000)
  object space 32256K, 98% used [0x00000000e5a00000,0x00000000e7903230,0x00000000e7980000)
GC Heap History (10 events):
Event: 1.859 GC heap before
{Heap before GC invocations=2 (full 0):
 PSYoungGen      total 17920K, used 17902K [0x00000000faa80000, 0x00000000fbe80000, 0x0000000100000000)
  eden space 15360K, 100% used [0x00000000faa80000,0x00000000fb980000,0x00000000fb980000)
  from space 2560K, 99% used [0x00000000fb980000,0x00000000fbbfb968,0x00000000fbc00000)
  to   space 2560K, 0% used [0x00000000fbc00000,0x00000000fbc00000,0x00000000fbe80000)
 ParOldGen       total 40448K, used 709K [0x00000000f0000000, 0x00000000f2780000, 0x00000000faa80000)
  object space 40448K, 1% used [0x00000000f0000000,0x00000000f00b15e8,0x00000000f2780000)
 PSPermGen       total 21504K, used 19794K [0x00000000e5a00000, 0x00000000e6f00000, 0x00000000f0000000)
  object space 21504K, 92% used [0x00000000e5a00000,0x00000000e6d54ab0,0x00000000e6f00000)
Event: 1.871 GC heap after
Heap after GC invocations=2 (full 0):
 PSYoungGen      total 17920K, used 2528K [0x00000000faa80000, 0x00000000fcd80000, 0x0000000100000000)
  eden space 15360K, 0% used [0x00000000faa80000,0x00000000faa80000,0x00000000fb980000)
  from space 2560K, 98% used [0x00000000fbc00000,0x00000000fbe78020,0x00000000fbe80000)
  to   space 2560K, 0% used [0x00000000fb980000,0x00000000fb980000,0x00000000fbc00000)
 ParOldGen       total 40448K, used 3811K [0x00000000f0000000, 0x00000000f2780000, 0x00000000faa80000)
  object space 40448K, 9% used [0x00000000f0000000,0x00000000f03b8c70,0x00000000f2780000)
 PSPermGen       total 21504K, used 19794K [0x00000000e5a00000, 0x00000000e6f00000, 0x00000000f0000000)
  object space 21504K, 92% used [0x00000000e5a00000,0x00000000e6d54ab0,0x00000000e6f00000)
}
Event: 2.387 GC heap before
{Heap before GC invocations=3 (full 0):
 PSYoungGen      total 17920K, used 17888K [0x00000000faa80000, 0x00000000fcd80000, 0x0000000100000000)
  eden space 15360K, 100% used [0x00000000faa80000,0x00000000fb980000,0x00000000fb980000)
  from space 2560K, 98% used [0x00000000fbc00000,0x00000000fbe78020,0x00000000fbe80000)
  to   space 2560K, 0% used [0x00000000fb980000,0x00000000fb980000,0x00000000fbc00000)
 ParOldGen       total 40448K, used 3811K [0x00000000f0000000, 0x00000000f2780000, 0x00000000faa80000)
  object space 40448K, 9% used [0x00000000f0000000,0x00000000f03b8c70,0x00000000f2780000)
 PSPermGen       total 24576K, used 24394K [0x00000000e5a00000, 0x00000000e7200000, 0x00000000f0000000)
  object space 24576K, 99% used [0x00000000e5a00000,0x00000000e71d2aa0,0x00000000e7200000)
Event: 2.399 GC heap after
Heap after GC invocations=3 (full 0):
 PSYoungGen      total 17920K, used 2544K [0x00000000faa80000, 0x00000000fcd80000, 0x0000000100000000)
  eden space 15360K, 0% used [0x00000000faa80000,0x00000000faa80000,0x00000000fb980000)
  from space 2560K, 99% used [0x00000000fb980000,0x00000000fbbfc020,0x00000000fbc00000)
  to   space 2560K, 0% used [0x00000000fcb00000,0x00000000fcb00000,0x00000000fcd80000)
 ParOldGen       total 40448K, used 5821K [0x00000000f0000000, 0x00000000f2780000, 0x00000000faa80000)
  object space 40448K, 14% used [0x00000000f0000000,0x00000000f05af688,0x00000000f2780000)
 PSPermGen       total 24576K, used 24394K [0x00000000e5a00000, 0x00000000e7200000, 0x00000000f0000000)
  object space 24576K, 99% used [0x00000000e5a00000,0x00000000e71d2aa0,0x00000000e7200000)
}
Event: 2.563 GC heap before
{Heap before GC invocations=4 (full 0):
 PSYoungGen      total 17920K, used 17904K [0x00000000faa80000, 0x00000000fcd80000, 0x0000000100000000)
  eden space 15360K, 100% used [0x00000000faa80000,0x00000000fb980000,0x00000000fb980000)
  from space 2560K, 99% used [0x00000000fb980000,0x00000000fbbfc020,0x00000000fbc00000)
  to   space 2560K, 0% used [0x00000000fcb00000,0x00000000fcb00000,0x00000000fcd80000)
 ParOldGen       total 40448K, used 5821K [0x00000000f0000000, 0x00000000f2780000, 0x00000000faa80000)
  object space 40448K, 14% used [0x00000000f0000000,0x00000000f05af688,0x00000000f2780000)
 PSPermGen       total 24576K, used 24420K [0x00000000e5a00000, 0x00000000e7200000, 0x00000000f0000000)
  object space 24576K, 99% used [0x00000000e5a00000,0x00000000e71d90e0,0x00000000e7200000)
Event: 2.570 GC heap after
Heap after GC invocations=4 (full 0):
 PSYoungGen      total 33280K, used 2544K [0x00000000faa80000, 0x00000000fcd80000, 0x0000000100000000)
  eden space 30720K, 0% used [0x00000000faa80000,0x00000000faa80000,0x00000000fc880000)
  from space 2560K, 99% used [0x00000000fcb00000,0x00000000fcd7c020,0x00000000fcd80000)
  to   space 2560K, 0% used [0x00000000fc880000,0x00000000fc880000,0x00000000fcb00000)
 ParOldGen       total 40448K, used 5981K [0x00000000f0000000, 0x00000000f2780000, 0x00000000faa80000)
  object space 40448K, 14% used [0x00000000f0000000,0x00000000f05d7688,0x00000000f2780000)
 PSPermGen       total 24576K, used 24420K [0x00000000e5a00000, 0x00000000e7200000, 0x00000000f0000000)
  object space 24576K, 99% used [0x00000000e5a00000,0x00000000e71d90e0,0x00000000e7200000)
}
Event: 2.784 GC heap before
{Heap before GC invocations=5 (full 0):
 PSYoungGen      total 33280K, used 33264K [0x00000000faa80000, 0x00000000fcd80000, 0x0000000100000000)
  eden space 30720K, 100% used [0x00000000faa80000,0x00000000fc880000,0x00000000fc880000)
  from space 2560K, 99% used [0x00000000fcb00000,0x00000000fcd7c020,0x00000000fcd80000)
  to   space 2560K, 0% used [0x00000000fc880000,0x00000000fc880000,0x00000000fcb00000)
 ParOldGen       total 40448K, used 5981K [0x00000000f0000000, 0x00000000f2780000, 0x00000000faa80000)
  object space 40448K, 14% used [0x00000000f0000000,0x00000000f05d7688,0x00000000f2780000)
 PSPermGen       total 24576K, used 24421K [0x00000000e5a00000, 0x00000000e7200000, 0x00000000f0000000)
  object space 24576K, 99% used [0x00000000e5a00000,0x00000000e71d97c8,0x00000000e7200000)
Event: 2.790 GC heap after
Heap after GC invocations=5 (full 0):
 PSYoungGen      total 33280K, used 2544K [0x00000000faa80000, 0x00000000ff280000, 0x0000000100000000)
  eden space 30720K, 0% used [0x00000000faa80000,0x00000000faa80000,0x00000000fc880000)
  from space 2560K, 99% used [0x00000000fc880000,0x00000000fcafc020,0x00000000fcb00000)
  to   space 6144K, 0% used [0x00000000fec80000,0x00000000fec80000,0x00000000ff280000)
 ParOldGen       total 40448K, used 6157K [0x00000000f0000000, 0x00000000f2780000, 0x00000000faa80000)
  object space 40448K, 15% used [0x00000000f0000000,0x00000000f0603688,0x00000000f2780000)
 PSPermGen       total 24576K, used 24421K [0x00000000e5a00000, 0x00000000e7200000, 0x00000000f0000000)
  object space 24576K, 99% used [0x00000000e5a00000,0x00000000e71d97c8,0x00000000e7200000)
}
Event: 3.376 GC heap before
{Heap before GC invocations=6 (full 0):
 PSYoungGen      total 33280K, used 33264K [0x00000000faa80000, 0x00000000ff280000, 0x0000000100000000)
  eden space 30720K, 100% used [0x00000000faa80000,0x00000000fc880000,0x00000000fc880000)
  from space 2560K, 99% used [0x00000000fc880000,0x00000000fcafc020,0x00000000fcb00000)
  to   space 6144K, 0% used [0x00000000fec80000,0x00000000fec80000,0x00000000ff280000)
 ParOldGen       total 40448K, used 6157K [0x00000000f0000000, 0x00000000f2780000, 0x00000000faa80000)
  object space 40448K, 15% used [0x00000000f0000000,0x00000000f0603688,0x00000000f2780000)
 PSPermGen       total 28672K, used 28290K [0x00000000e5a00000, 0x00000000e7600000, 0x00000000f0000000)
  object space 28672K, 98% used [0x00000000e5a00000,0x00000000e75a0908,0x00000000e7600000)
Event: 3.387 GC heap after
Heap after GC invocations=6 (full 0):
 PSYoungGen      total 67584K, used 4304K [0x00000000faa80000, 0x00000000ff280000, 0x0000000100000000)
  eden space 61440K, 0% used [0x00000000faa80000,0x00000000faa80000,0x00000000fe680000)
  from space 6144K, 70% used [0x00000000fec80000,0x00000000ff0b4020,0x00000000ff280000)
  to   space 6144K, 0% used [0x00000000fe680000,0x00000000fe680000,0x00000000fec80000)
 ParOldGen       total 40448K, used 6157K [0x00000000f0000000, 0x00000000f2780000, 0x00000000faa80000)
  object space 40448K, 15% used [0x00000000f0000000,0x00000000f0603688,0x00000000f2780000)
 PSPermGen       total 28672K, used 28290K [0x00000000e5a00000, 0x00000000e7600000, 0x00000000f0000000)
  object space 28672K, 98% used [0x00000000e5a00000,0x00000000e75a0908,0x00000000e7600000)
}

