# JRE version: OpenJDK Runtime Environment (7.0_101) (build 1.7.0_101-b00)
# Java VM: OpenJDK 64-Bit Server VM (24.95-b01 mixed mode linux-amd64 compressed oops)
Heap
 PSYoungGen      total 87040K, used 57153K [0x00000000faa80000, 0x0000000100000000, 0x0000000100000000)
  eden space 86528K, 66% used [0x00000000faa80000,0x00000000fe2487a8,0x00000000fff00000)
  from space 512K, 6% used [0x00000000fff00000,0x00000000fff08000,0x00000000fff80000)
  to   space 512K, 0% used [0x00000000fff80000,0x00000000fff80000,0x0000000100000000)
 ParOldGen       total 40448K, used 16104K [0x00000000f0000000, 0x00000000f2780000, 0x00000000faa80000)
  object space 40448K, 39% used [0x00000000f0000000,0x00000000f0fba050,0x00000000f2780000)
 PSPermGen       total 32256K, used 32249K [0x00000000e5a00000, 0x00000000e7980000, 0x00000000f0000000)
  object space 32256K, 99% used [0x00000000e5a00000,0x00000000e797e620,0x00000000e7980000)
GC Heap History (10 events):
Event: 21087.386 GC heap before
{Heap before GC invocations=443 (full 0):
 PSYoungGen      total 87040K, used 86592K [0x00000000faa80000, 0x0000000100000000, 0x0000000100000000)
  eden space 86528K, 100% used [0x00000000faa80000,0x00000000fff00000,0x00000000fff00000)
  from space 512K, 12% used [0x00000000fff80000,0x00000000fff90000,0x0000000100000000)
  to   space 512K, 0% used [0x00000000fff00000,0x00000000fff00000,0x00000000fff80000)
 ParOldGen       total 40448K, used 16104K [0x00000000f0000000, 0x00000000f2780000, 0x00000000faa80000)
  object space 40448K, 39% used [0x00000000f0000000,0x00000000f0fba050,0x00000000f2780000)
 PSPermGen       total 32256K, used 32248K [0x00000000e5a00000, 0x00000000e7980000, 0x00000000f0000000)
  object space 32256K, 99% used [0x00000000e5a00000,0x00000000e797e340,0x00000000e7980000)
Event: 21087.387 GC heap after
Heap after GC invocations=443 (full 0):
 PSYoungGen      total 87040K, used 32K [0x00000000faa80000, 0x0000000100000000, 0x0000000100000000)
  eden space 86528K, 0% used [0x00000000faa80000,0x00000000faa80000,0x00000000fff00000)
  from space 512K, 6% used [0x00000000fff00000,0x00000000fff08000,0x00000000fff80000)
  to   space 512K, 0% used [0x00000000fff80000,0x00000000fff80000,0x0000000100000000)
 ParOldGen       total 40448K, used 16104K [0x00000000f0000000, 0x00000000f2780000, 0x00000000faa80000)
  object space 40448K, 39% used [0x00000000f0000000,0x00000000f0fba050,0x00000000f2780000)
 PSPermGen       total 32256K, used 32248K [0x00000000e5a00000, 0x00000000e7980000, 0x00000000f0000000)
  object space 32256K, 99% used [0x00000000e5a00000,0x00000000e797e340,0x00000000e7980000)
}
Event: 21087.391 GC heap before
{Heap before GC invocations=444 (full 0):
 PSYoungGen      total 87040K, used 86560K [0x00000000faa80000, 0x0000000100000000, 0x0000000100000000)
  eden space 86528K, 100% used [0x00000000faa80000,0x00000000fff00000,0x00000000fff00000)
  from space 512K, 6% used [0x00000000fff00000,0x00000000fff08000,0x00000000fff80000)
  to   space 512K, 0% used [0x00000000fff80000,0x00000000fff80000,0x0000000100000000)
 ParOldGen       total 40448K, used 16104K [0x00000000f0000000, 0x00000000f2780000, 0x00000000faa80000)
  object space 40448K, 39% used [0x00000000f0000000,0x00000000f0fba050,0x00000000f2780000)
 PSPermGen       total 32256K, used 32248K [0x00000000e5a00000, 0x00000000e7980000, 0x00000000f0000000)
  object space 32256K, 99% used [0x00000000e5a00000,0x00000000e797e340,0x00000000e7980000)
Event: 21087.393 GC heap after
Heap after GC invocations=444 (full 0):
 PSYoungGen      total 87040K, used 32K [0x00000000faa80000, 0x0000000100000000, 0x0000000100000000)
  eden space 86528K, 0% used [0x00000000faa80000,0x00000000faa80000,0x00000000fff00000)
  from space 512K, 6% used [0x00000000fff80000,0x00000000fff88000,0x0000000100000000)
  to   space 512K, 0% used [0x00000000fff00000,0x00000000fff00000,0x00000000fff80000)
 ParOldGen       total 40448K, used 16104K [0x00000000f0000000, 0x00000000f2780000, 0x00000000faa80000)
  object space 40448K, 39% used [0x00000000f0000000,0x00000000f0fba050,0x00000000f2780000)
 PSPermGen       total 32256K, used 32248K [0x00000000e5a00000, 0x00000000e7980000, 0x00000000f0000000)
  object space 32256K, 99% used [0x00000000e5a00000,0x00000000e797e340,0x00000000e7980000)
}
Event: 21087.396 GC heap before
{Heap before GC invocations=445 (full 0):
 PSYoungGen      total 87040K, used 86560K [0x00000000faa80000, 0x0000000100000000, 0x0000000100000000)
  eden space 86528K, 100% used [0x00000000faa80000,0x00000000fff00000,0x00000000fff00000)
  from space 512K, 6% used [0x00000000fff80000,0x00000000fff88000,0x0000000100000000)
  to   space 512K, 0% used [0x00000000fff00000,0x00000000fff00000,0x00000000fff80000)
 ParOldGen       total 40448K, used 16104K [0x00000000f0000000, 0x00000000f2780000, 0x00000000faa80000)
  object space 40448K, 39% used [0x00000000f0000000,0x00000000f0fba050,0x00000000f2780000)
 PSPermGen       total 32256K, used 32248K [0x00000000e5a00000, 0x00000000e7980000, 0x00000000f0000000)
  object space 32256K, 99% used [0x00000000e5a00000,0x00000000e797e340,0x00000000e7980000)
Event: 21087.397 GC heap after
Heap after GC invocations=445 (full 0):
 PSYoungGen      total 87040K, used 64K [0x00000000faa80000, 0x0000000100000000, 0x0000000100000000)
  eden space 86528K, 0% used [0x00000000faa80000,0x00000000faa80000,0x00000000fff00000)
  from space 512K, 12% used [0x00000000fff00000,0x00000000fff10000,0x00000000fff80000)
  to   space 512K, 0% used [0x00000000fff80000,0x00000000fff80000,0x0000000100000000)
 ParOldGen       total 40448K, used 16104K [0x00000000f0000000, 0x00000000f2780000, 0x00000000faa80000)
  object space 40448K, 39% used [0x00000000f0000000,0x00000000f0fba050,0x00000000f2780000)
 PSPermGen       total 32256K, used 32248K [0x00000000e5a00000, 0x00000000e7980000, 0x00000000f0000000)
  object space 32256K, 99% used [0x00000000e5a00000,0x00000000e797e340,0x00000000e7980000)
}
Event: 21087.400 GC heap before
{Heap before GC invocations=446 (full 0):
 PSYoungGen      total 87040K, used 86592K [0x00000000faa80000, 0x0000000100000000, 0x0000000100000000)
  eden space 86528K, 100% used [0x00000000faa80000,0x00000000fff00000,0x00000000fff00000)
  from space 512K, 12% used [0x00000000fff00000,0x00000000fff10000,0x00000000fff80000)
  to   space 512K, 0% used [0x00000000fff80000,0x00000000fff80000,0x0000000100000000)
 ParOldGen       total 40448K, used 16104K [0x00000000f0000000, 0x00000000f2780000, 0x00000000faa80000)
  object space 40448K, 39% used [0x00000000f0000000,0x00000000f0fba050,0x00000000f2780000)
 PSPermGen       total 32256K, used 32248K [0x00000000e5a00000, 0x00000000e7980000, 0x00000000f0000000)
  object space 32256K, 99% used [0x00000000e5a00000,0x00000000e797e340,0x00000000e7980000)
Event: 21087.402 GC heap after
Heap after GC invocations=446 (full 0):
 PSYoungGen      total 87040K, used 32K [0x00000000faa80000, 0x0000000100000000, 0x0000000100000000)
  eden space 86528K, 0% used [0x00000000faa80000,0x00000000faa80000,0x00000000fff00000)
  from space 512K, 6% used [0x00000000fff80000,0x00000000fff88000,0x0000000100000000)
  to   space 512K, 0% used [0x00000000fff00000,0x00000000fff00000,0x00000000fff80000)
 ParOldGen       total 40448K, used 16104K [0x00000000f0000000, 0x00000000f2780000, 0x00000000faa80000)
  object space 40448K, 39% used [0x00000000f0000000,0x00000000f0fba050,0x00000000f2780000)
 PSPermGen       total 32256K, used 32248K [0x00000000e5a00000, 0x00000000e7980000, 0x00000000f0000000)
  object space 32256K, 99% used [0x00000000e5a00000,0x00000000e797e340,0x00000000e7980000)
}
Event: 21087.405 GC heap before
{Heap before GC invocations=447 (full 0):
 PSYoungGen      total 87040K, used 86560K [0x00000000faa80000, 0x0000000100000000, 0x0000000100000000)
  eden space 86528K, 100% used [0x00000000faa80000,0x00000000fff00000,0x00000000fff00000)
  from space 512K, 6% used [0x00000000fff80000,0x00000000fff88000,0x0000000100000000)
  to   space 512K, 0% used [0x00000000fff00000,0x00000000fff00000,0x00000000fff80000)
 ParOldGen       total 40448K, used 16104K [0x00000000f0000000, 0x00000000f2780000, 0x00000000faa80000)
  object space 40448K, 39% used [0x00000000f0000000,0x00000000f0fba050,0x00000000f2780000)
 PSPermGen       total 32256K, used 32248K [0x00000000e5a00000, 0x00000000e7980000, 0x00000000f0000000)
  object space 32256K, 99% used [0x00000000e5a00000,0x00000000e797e340,0x00000000e7980000)
Event: 21087.406 GC heap after
Heap after GC invocations=447 (full 0):
 PSYoungGen      total 87040K, used 32K [0x00000000faa80000, 0x0000000100000000, 0x0000000100000000)
  eden space 86528K, 0% used [0x00000000faa80000,0x00000000faa80000,0x00000000fff00000)
  from space 512K, 6% used [0x00000000fff00000,0x00000000fff08000,0x00000000fff80000)
  to   space 512K, 0% used [0x00000000fff80000,0x00000000fff80000,0x0000000100000000)
 ParOldGen       total 40448K, used 16104K [0x00000000f0000000, 0x00000000f2780000, 0x00000000faa80000)
  object space 40448K, 39% used [0x00000000f0000000,0x00000000f0fba050,0x00000000f2780000)
 PSPermGen       total 32256K, used 32248K [0x00000000e5a00000, 0x00000000e7980000, 0x00000000f0000000)
  object space 32256K, 99% used [0x00000000e5a00000,0x00000000e797e340,0x00000000e7980000)
}

