# JRE version: OpenJDK Runtime Environment (7.0_101) (build 1.7.0_101-b00)
# Java VM: OpenJDK 64-Bit Server VM (24.95-b01 mixed mode linux-amd64 compressed oops)
Heap
 PSYoungGen      total 87040K, used 1250K [0x00000000faa80000, 0x0000000100000000, 0x0000000100000000)
  eden space 86528K, 1% used [0x00000000faa80000,0x00000000fab5d2c8,0x00000000fff00000)
  from space 512K, 71% used [0x00000000fff80000,0x00000000fffdb8c8,0x0000000100000000)
  to   space 512K, 0% used [0x00000000fff00000,0x00000000fff00000,0x00000000fff80000)
 ParOldGen       total 37376K, used 17269K [0x00000000f0000000, 0x00000000f2480000, 0x00000000faa80000)
  object space 37376K, 46% used [0x00000000f0000000,0x00000000f10dd6c0,0x00000000f2480000)
 PSPermGen       total 64512K, used 32212K [0x00000000e5a00000, 0x00000000e9900000, 0x00000000f0000000)
  object space 64512K, 49% used [0x00000000e5a00000,0x00000000e7975140,0x00000000e9900000)
GC Heap History (10 events):
Event: 1373.112 GC heap before
{Heap before GC invocations=567 (full 1):
 PSYoungGen      total 87040K, used 86560K [0x00000000faa80000, 0x0000000100000000, 0x0000000100000000)
  eden space 86528K, 100% used [0x00000000faa80000,0x00000000fff00000,0x00000000fff00000)
  from space 512K, 6% used [0x00000000fff00000,0x00000000fff08000,0x00000000fff80000)
  to   space 512K, 0% used [0x00000000fff80000,0x00000000fff80000,0x0000000100000000)
 ParOldGen       total 37376K, used 17269K [0x00000000f0000000, 0x00000000f2480000, 0x00000000faa80000)
  object space 37376K, 46% used [0x00000000f0000000,0x00000000f10dd6c0,0x00000000f2480000)
 PSPermGen       total 64512K, used 32211K [0x00000000e5a00000, 0x00000000e9900000, 0x00000000f0000000)
  object space 64512K, 49% used [0x00000000e5a00000,0x00000000e7974d00,0x00000000e9900000)
Event: 1373.113 GC heap after
Heap after GC invocations=567 (full 1):
 PSYoungGen      total 87040K, used 32K [0x00000000faa80000, 0x0000000100000000, 0x0000000100000000)
  eden space 86528K, 0% used [0x00000000faa80000,0x00000000faa80000,0x00000000fff00000)
  from space 512K, 6% used [0x00000000fff80000,0x00000000fff88000,0x0000000100000000)
  to   space 512K, 0% used [0x00000000fff00000,0x00000000fff00000,0x00000000fff80000)
 ParOldGen       total 37376K, used 17269K [0x00000000f0000000, 0x00000000f2480000, 0x00000000faa80000)
  object space 37376K, 46% used [0x00000000f0000000,0x00000000f10dd6c0,0x00000000f2480000)
 PSPermGen       total 64512K, used 32211K [0x00000000e5a00000, 0x00000000e9900000, 0x00000000f0000000)
  object space 64512K, 49% used [0x00000000e5a00000,0x00000000e7974d00,0x00000000e9900000)
}
Event: 1373.116 GC heap before
{Heap before GC invocations=568 (full 1):
 PSYoungGen      total 87040K, used 86560K [0x00000000faa80000, 0x0000000100000000, 0x0000000100000000)
  eden space 86528K, 100% used [0x00000000faa80000,0x00000000fff00000,0x00000000fff00000)
  from space 512K, 6% used [0x00000000fff80000,0x00000000fff88000,0x0000000100000000)
  to   space 512K, 0% used [0x00000000fff00000,0x00000000fff00000,0x00000000fff80000)
 ParOldGen       total 37376K, used 17269K [0x00000000f0000000, 0x00000000f2480000, 0x00000000faa80000)
  object space 37376K, 46% used [0x00000000f0000000,0x00000000f10dd6c0,0x00000000f2480000)
 PSPermGen       total 64512K, used 32211K [0x00000000e5a00000, 0x00000000e9900000, 0x00000000f0000000)
  object space 64512K, 49% used [0x00000000e5a00000,0x00000000e7974d00,0x00000000e9900000)
Event: 1373.117 GC heap after
Heap after GC invocations=568 (full 1):
 PSYoungGen      total 87040K, used 32K [0x00000000faa80000, 0x0000000100000000, 0x0000000100000000)
  eden space 86528K, 0% used [0x00000000faa80000,0x00000000faa80000,0x00000000fff00000)
  from space 512K, 6% used [0x00000000fff00000,0x00000000fff08000,0x00000000fff80000)
  to   space 512K, 0% used [0x00000000fff80000,0x00000000fff80000,0x0000000100000000)
 ParOldGen       total 37376K, used 17269K [0x00000000f0000000, 0x00000000f2480000, 0x00000000faa80000)
  object space 37376K, 46% used [0x00000000f0000000,0x00000000f10dd6c0,0x00000000f2480000)
 PSPermGen       total 64512K, used 32211K [0x00000000e5a00000, 0x00000000e9900000, 0x00000000f0000000)
  object space 64512K, 49% used [0x00000000e5a00000,0x00000000e7974d00,0x00000000e9900000)
}
Event: 1373.120 GC heap before
{Heap before GC invocations=569 (full 1):
 PSYoungGen      total 87040K, used 86560K [0x00000000faa80000, 0x0000000100000000, 0x0000000100000000)
  eden space 86528K, 100% used [0x00000000faa80000,0x00000000fff00000,0x00000000fff00000)
  from space 512K, 6% used [0x00000000fff00000,0x00000000fff08000,0x00000000fff80000)
  to   space 512K, 0% used [0x00000000fff80000,0x00000000fff80000,0x0000000100000000)
 ParOldGen       total 37376K, used 17269K [0x00000000f0000000, 0x00000000f2480000, 0x00000000faa80000)
  object space 37376K, 46% used [0x00000000f0000000,0x00000000f10dd6c0,0x00000000f2480000)
 PSPermGen       total 64512K, used 32211K [0x00000000e5a00000, 0x00000000e9900000, 0x00000000f0000000)
  object space 64512K, 49% used [0x00000000e5a00000,0x00000000e7974d00,0x00000000e9900000)
Event: 1373.121 GC heap after
Heap after GC invocations=569 (full 1):
 PSYoungGen      total 87040K, used 32K [0x00000000faa80000, 0x0000000100000000, 0x0000000100000000)
  eden space 86528K, 0% used [0x00000000faa80000,0x00000000faa80000,0x00000000fff00000)
  from space 512K, 6% used [0x00000000fff80000,0x00000000fff88000,0x0000000100000000)
  to   space 512K, 0% used [0x00000000fff00000,0x00000000fff00000,0x00000000fff80000)
 ParOldGen       total 37376K, used 17269K [0x00000000f0000000, 0x00000000f2480000, 0x00000000faa80000)
  object space 37376K, 46% used [0x00000000f0000000,0x00000000f10dd6c0,0x00000000f2480000)
 PSPermGen       total 64512K, used 32211K [0x00000000e5a00000, 0x00000000e9900000, 0x00000000f0000000)
  object space 64512K, 49% used [0x00000000e5a00000,0x00000000e7974d00,0x00000000e9900000)
}
Event: 1373.125 GC heap before
{Heap before GC invocations=570 (full 1):
 PSYoungGen      total 87040K, used 86560K [0x00000000faa80000, 0x0000000100000000, 0x0000000100000000)
  eden space 86528K, 100% used [0x00000000faa80000,0x00000000fff00000,0x00000000fff00000)
  from space 512K, 6% used [0x00000000fff80000,0x00000000fff88000,0x0000000100000000)
  to   space 512K, 0% used [0x00000000fff00000,0x00000000fff00000,0x00000000fff80000)
 ParOldGen       total 37376K, used 17269K [0x00000000f0000000, 0x00000000f2480000, 0x00000000faa80000)
  object space 37376K, 46% used [0x00000000f0000000,0x00000000f10dd6c0,0x00000000f2480000)
 PSPermGen       total 64512K, used 32211K [0x00000000e5a00000, 0x00000000e9900000, 0x00000000f0000000)
  object space 64512K, 49% used [0x00000000e5a00000,0x00000000e7974d00,0x00000000e9900000)
Event: 1373.127 GC heap after
Heap after GC invocations=570 (full 1):
 PSYoungGen      total 87040K, used 32K [0x00000000faa80000, 0x0000000100000000, 0x0000000100000000)
  eden space 86528K, 0% used [0x00000000faa80000,0x00000000faa80000,0x00000000fff00000)
  from space 512K, 6% used [0x00000000fff00000,0x00000000fff08000,0x00000000fff80000)
  to   space 512K, 0% used [0x00000000fff80000,0x00000000fff80000,0x0000000100000000)
 ParOldGen       total 37376K, used 17269K [0x00000000f0000000, 0x00000000f2480000, 0x00000000faa80000)
  object space 37376K, 46% used [0x00000000f0000000,0x00000000f10dd6c0,0x00000000f2480000)
 PSPermGen       total 64512K, used 32211K [0x00000000e5a00000, 0x00000000e9900000, 0x00000000f0000000)
  object space 64512K, 49% used [0x00000000e5a00000,0x00000000e7974d00,0x00000000e9900000)
}
Event: 1373.158 GC heap before
{Heap before GC invocations=571 (full 1):
 PSYoungGen      total 87040K, used 86560K [0x00000000faa80000, 0x0000000100000000, 0x0000000100000000)
  eden space 86528K, 100% used [0x00000000faa80000,0x00000000fff00000,0x00000000fff00000)
  from space 512K, 6% used [0x00000000fff00000,0x00000000fff08000,0x00000000fff80000)
  to   space 512K, 0% used [0x00000000fff80000,0x00000000fff80000,0x0000000100000000)
 ParOldGen       total 37376K, used 17269K [0x00000000f0000000, 0x00000000f2480000, 0x00000000faa80000)
  object space 37376K, 46% used [0x00000000f0000000,0x00000000f10dd6c0,0x00000000f2480000)
 PSPermGen       total 64512K, used 32212K [0x00000000e5a00000, 0x00000000e9900000, 0x00000000f0000000)
  object space 64512K, 49% used [0x00000000e5a00000,0x00000000e7975140,0x00000000e9900000)
Event: 1373.160 GC heap after
Heap after GC invocations=571 (full 1):
 PSYoungGen      total 87040K, used 366K [0x00000000faa80000, 0x0000000100000000, 0x0000000100000000)
  eden space 86528K, 0% used [0x00000000faa80000,0x00000000faa80000,0x00000000fff00000)
  from space 512K, 71% used [0x00000000fff80000,0x00000000fffdb8c8,0x0000000100000000)
  to   space 512K, 0% used [0x00000000fff00000,0x00000000fff00000,0x00000000fff80000)
 ParOldGen       total 37376K, used 17269K [0x00000000f0000000, 0x00000000f2480000, 0x00000000faa80000)
  object space 37376K, 46% used [0x00000000f0000000,0x00000000f10dd6c0,0x00000000f2480000)
 PSPermGen       total 64512K, used 32212K [0x00000000e5a00000, 0x00000000e9900000, 0x00000000f0000000)
  object space 64512K, 49% used [0x00000000e5a00000,0x00000000e7975140,0x00000000e9900000)
}

